<?xml version="1.0" encoding="UTF-8"?>
<!-- Generated by org.testng.reporters.JUnitReportReporter -->
<testsuite hostname="PREESH000" failures="0" tests="6" name="testPKG.HerbsTest" time="188.044" errors="0" timestamp="2024-07-17T07:37:02 GMT-07:00" skipped="0">
  <testcase classname="testPKG.HerbsTest" name="SignInToYourAccount" time="39.986"/>
  <system-out/>
  <testcase classname="testPKG.HerbsTest" name="logintest" time="14.651"/>
  <system-out/>
  <testcase classname="testPKG.HerbsTest" name="addcart" time="13.842"/>
  <system-out/>
  <testcase classname="testPKG.HerbsTest" name="searchbar" time="23.519"/>
  <system-out/>
  <testcase classname="testPKG.HerbsTest" name="scrnshottest" time="8.706"/>
  <system-out/>
  <testcase classname="testPKG.HerbsTest" name="togetalllinks" time="87.340"/>
  <system-out/>
</testsuite> <!-- testPKG.HerbsTest -->
